2024/02/14 17:18:58 main.go:45: [DEBUG] main.init.0 [(LOG SETUP) >>> SUCCESS]
2024/02/14 17:18:58 main.go:47: [DEBUG] main.init.0 [(3개월 미상 미접속 사용자 포인트 초기화) >>> START]
2024/02/14 17:18:58 main.go:52: [DEBUG] main.init.0 [(3개월 미상 미접속 사용자 포인트 초기화) >>> END]
2024/02/14 17:18:58 main.go:57: [DEBUG] main.main [포인트 프로그램 START]
2024/02/14 17:18:58 pointpage.go:51: [DEBUG] gui.newPointPage 현금 적립 20, 카드 적립 10, 포인트 사용 제한 : 200p
2024/02/14 17:19:08 revenueService.go:102: [DEBUG] service.FindRevenueList (매출 정보 조회) >>> startDate : [2024-02-14], endDate : [2024-02-14]
2024/02/14 17:19:08 revenueService.go:123: [DEBUG] service.FindSumSalesPoint (매출 정보 SUM 조회) >>> startDate : [2024-02-14], endDate : [2024-02-14]
2024/02/14 17:19:10 revenueService.go:102: [DEBUG] service.FindRevenueList (매출 정보 조회) >>> startDate : [2024-02-14], endDate : [2024-02-14]
2024/02/14 17:19:10 revenueService.go:123: [DEBUG] service.FindSumSalesPoint (매출 정보 SUM 조회) >>> startDate : [2024-02-14], endDate : [2024-02-14]
2024/02/14 17:19:13 revenueService.go:102: [DEBUG] service.FindRevenueList (매출 정보 조회) >>> startDate : [2024-02-14], endDate : [2024-02-14]
2024/02/14 17:19:13 revenueService.go:123: [DEBUG] service.FindSumSalesPoint (매출 정보 SUM 조회) >>> startDate : [2024-02-14], endDate : [2024-02-14]
2024/02/14 17:20:55 revenueService.go:102: [DEBUG] service.FindRevenueList (매출 정보 조회) >>> startDate : [2024-01-01], endDate : [2024-12-31]
2024/02/14 17:20:55 revenueService.go:123: [DEBUG] service.FindSumSalesPoint (매출 정보 SUM 조회) >>> startDate : [2024-01-01], endDate : [2024-12-31]
2024/02/14 17:22:43 revenueService.go:102: [DEBUG] service.FindRevenueList (매출 정보 조회) >>> startDate : [2024-02-14], endDate : [2024-02-14]
2024/02/14 17:22:43 revenueService.go:123: [DEBUG] service.FindSumSalesPoint (매출 정보 SUM 조회) >>> startDate : [2024-02-14], endDate : [2024-02-14]
2024/02/14 17:33:18 main.go:45: [DEBUG] main.init.0 [(LOG SETUP) >>> SUCCESS]
2024/02/14 17:33:18 main.go:47: [DEBUG] main.init.0 [(3개월 미상 미접속 사용자 포인트 초기화) >>> START]
2024/02/14 17:33:18 main.go:52: [DEBUG] main.init.0 [(3개월 미상 미접속 사용자 포인트 초기화) >>> END]
2024/02/14 17:33:18 main.go:57: [DEBUG] main.main [포인트 프로그램 START]
2024/02/14 17:33:18 pointpage.go:51: [DEBUG] gui.newPointPage 현금 적립 20, 카드 적립 10, 포인트 사용 제한 : 200p
2024/02/14 17:33:21 revenueService.go:102: [DEBUG] service.FindRevenueList (매출 정보 조회) >>> startDate : [2024-02-14], endDate : [2024-02-14]
2024/02/14 17:33:21 revenueService.go:123: [DEBUG] service.FindSumSalesPoint (매출 정보 SUM 조회) >>> startDate : [2024-02-14], endDate : [2024-02-14]
2024/02/14 17:33:24 revenueService.go:102: [DEBUG] service.FindRevenueList (매출 정보 조회) >>> startDate : [2024-01-01], endDate : [2024-12-31]
2024/02/14 17:33:24 revenueService.go:123: [DEBUG] service.FindSumSalesPoint (매출 정보 SUM 조회) >>> startDate : [2024-01-01], endDate : [2024-12-31]
2024/02/14 17:35:06 main.go:45: [DEBUG] main.init.0 [(LOG SETUP) >>> SUCCESS]
2024/02/14 17:35:06 main.go:47: [DEBUG] main.init.0 [(3개월 미상 미접속 사용자 포인트 초기화) >>> START]
2024/02/14 17:35:06 main.go:52: [DEBUG] main.init.0 [(3개월 미상 미접속 사용자 포인트 초기화) >>> END]
2024/02/14 17:35:06 main.go:57: [DEBUG] main.main [포인트 프로그램 START]
2024/02/14 17:35:06 pointpage.go:51: [DEBUG] gui.newPointPage 현금 적립 20, 카드 적립 10, 포인트 사용 제한 : 200p
2024/02/14 17:35:07 revenueService.go:102: [DEBUG] service.FindRevenueList (매출 정보 조회) >>> startDate : [2024-02-14], endDate : [2024-02-14]
2024/02/14 17:35:07 revenueService.go:123: [DEBUG] service.FindSumSalesPoint (매출 정보 SUM 조회) >>> startDate : [2024-02-14], endDate : [2024-02-14]
2024/02/14 17:35:09 revenueService.go:102: [DEBUG] service.FindRevenueList (매출 정보 조회) >>> startDate : [2024-01-01], endDate : [2024-12-31]
2024/02/14 17:35:09 revenueService.go:123: [DEBUG] service.FindSumSalesPoint (매출 정보 SUM 조회) >>> startDate : [2024-01-01], endDate : [2024-12-31]
2024/02/14 17:35:18 pointpage.go:51: [DEBUG] gui.newPointPage 현금 적립 20, 카드 적립 10, 포인트 사용 제한 : 200p
2024/02/14 17:35:20 memberService.go:44: [DEBUG] service.FindMemberList (포인트 페이지) >>> 고객 조회 검색어 : [1111]
2024/02/14 17:35:25 memberSearchDialog.go:68: [DEBUG] gui.RunMemberSearchDialog.func1 (고객 조회) 고객 포인트 합계 조회 >>> memberId : [16], total :[&{110000 8000}]
2024/02/14 17:35:37 revenueService.go:30: [DEBUG] service.RevenueAdd (결제 타입 조회) 곁제 타입 :[ 카드 ], 적립 퍼센트 :[ 10 % ]
2024/02/14 17:35:37 revenueService.go:50: [DEBUG] service.RevenueAdd [(포인트 적립/사용) >>>> 사용자 포인트 정보 업데이트]
2024/02/14 17:35:37 revenueService.go:57: [DEBUG] service.RevenueAdd (포인트 적립/사용) >>>> memberId : [16], sales : [10001], subPoint : [0], addPoint : [1000], fixedSales : [10001], payType : [카드]
2024/02/14 17:35:53 revenueService.go:30: [DEBUG] service.RevenueAdd (결제 타입 조회) 곁제 타입 :[ 카드 ], 적립 퍼센트 :[ 10 % ]
2024/02/14 17:35:53 revenueService.go:50: [DEBUG] service.RevenueAdd [(포인트 적립/사용) >>>> 사용자 포인트 정보 업데이트]
2024/02/14 17:35:53 revenueService.go:57: [DEBUG] service.RevenueAdd (포인트 적립/사용) >>>> memberId : [16], sales : [11110], subPoint : [0], addPoint : [1111], fixedSales : [11110], payType : [카드]
2024/02/14 17:35:58 revenueService.go:30: [DEBUG] service.RevenueAdd (결제 타입 조회) 곁제 타입 :[ 카드 ], 적립 퍼센트 :[ 10 % ]
2024/02/14 17:35:58 revenueService.go:50: [DEBUG] service.RevenueAdd [(포인트 적립/사용) >>>> 사용자 포인트 정보 업데이트]
2024/02/14 17:35:58 revenueService.go:57: [DEBUG] service.RevenueAdd (포인트 적립/사용) >>>> memberId : [16], sales : [10101], subPoint : [0], addPoint : [1010], fixedSales : [10101], payType : [카드]
2024/02/14 17:36:23 revenueService.go:30: [DEBUG] service.RevenueAdd (결제 타입 조회) 곁제 타입 :[ 카드 ], 적립 퍼센트 :[ 10 % ]
2024/02/14 17:36:23 revenueService.go:50: [DEBUG] service.RevenueAdd [(포인트 적립/사용) >>>> 사용자 포인트 정보 업데이트]
2024/02/14 17:36:23 revenueService.go:57: [DEBUG] service.RevenueAdd (포인트 적립/사용) >>>> memberId : [16], sales : [10110], subPoint : [0], addPoint : [1011], fixedSales : [10110], payType : [카드]
2024/02/14 17:36:26 revenueService.go:102: [DEBUG] service.FindRevenueList (매출 정보 조회) >>> startDate : [2024-02-14], endDate : [2024-02-14]
2024/02/14 17:36:26 revenueService.go:123: [DEBUG] service.FindSumSalesPoint (매출 정보 SUM 조회) >>> startDate : [2024-02-14], endDate : [2024-02-14]
2024/02/14 17:36:38 pointpage.go:51: [DEBUG] gui.newPointPage 현금 적립 20, 카드 적립 10, 포인트 사용 제한 : 200p
2024/02/14 17:36:41 memberService.go:44: [DEBUG] service.FindMemberList (포인트 페이지) >>> 고객 조회 검색어 : [1111]
2024/02/14 17:36:42 memberSearchDialog.go:68: [DEBUG] gui.RunMemberSearchDialog.func1 (고객 조회) 고객 포인트 합계 조회 >>> memberId : [16], total :[&{151322 12132}]
2024/02/14 17:36:47 revenueService.go:30: [DEBUG] service.RevenueAdd (결제 타입 조회) 곁제 타입 :[ 카드 ], 적립 퍼센트 :[ 10 % ]
2024/02/14 17:36:47 revenueService.go:50: [DEBUG] service.RevenueAdd [(포인트 적립/사용) >>>> 사용자 포인트 정보 업데이트]
2024/02/14 17:36:47 revenueService.go:57: [DEBUG] service.RevenueAdd (포인트 적립/사용) >>>> memberId : [16], sales : [1000], subPoint : [0], addPoint : [100], fixedSales : [1000], payType : [카드]
2024/02/14 17:36:50 revenueService.go:30: [DEBUG] service.RevenueAdd (결제 타입 조회) 곁제 타입 :[ 카드 ], 적립 퍼센트 :[ 10 % ]
2024/02/14 17:36:50 revenueService.go:50: [DEBUG] service.RevenueAdd [(포인트 적립/사용) >>>> 사용자 포인트 정보 업데이트]
2024/02/14 17:36:50 revenueService.go:57: [DEBUG] service.RevenueAdd (포인트 적립/사용) >>>> memberId : [16], sales : [111], subPoint : [0], addPoint : [11], fixedSales : [111], payType : [카드]
2024/02/14 17:36:53 revenueService.go:30: [DEBUG] service.RevenueAdd (결제 타입 조회) 곁제 타입 :[ 카드 ], 적립 퍼센트 :[ 10 % ]
2024/02/14 17:36:53 revenueService.go:50: [DEBUG] service.RevenueAdd [(포인트 적립/사용) >>>> 사용자 포인트 정보 업데이트]
2024/02/14 17:36:53 revenueService.go:57: [DEBUG] service.RevenueAdd (포인트 적립/사용) >>>> memberId : [16], sales : [11], subPoint : [0], addPoint : [1], fixedSales : [11], payType : [카드]
2024/02/14 17:36:57 revenueService.go:102: [DEBUG] service.FindRevenueList (매출 정보 조회) >>> startDate : [2024-02-14], endDate : [2024-02-14]
2024/02/14 17:36:57 revenueService.go:123: [DEBUG] service.FindSumSalesPoint (매출 정보 SUM 조회) >>> startDate : [2024-02-14], endDate : [2024-02-14]
2024/02/14 17:49:42 main.go:45: [DEBUG] main.init.0 [(LOG SETUP) >>> SUCCESS]
2024/02/14 17:49:42 main.go:47: [DEBUG] main.init.0 [(3개월 미상 미접속 사용자 포인트 초기화) >>> START]
2024/02/14 17:49:42 main.go:52: [DEBUG] main.init.0 [(3개월 미상 미접속 사용자 포인트 초기화) >>> END]
2024/02/14 17:49:42 main.go:57: [DEBUG] main.main [포인트 프로그램 START]
2024/02/14 17:49:42 pointpage.go:51: [DEBUG] gui.newPointPage 현금 적립 20, 카드 적립 10, 포인트 사용 제한 : 200p
2024/02/14 17:49:44 revenueService.go:102: [DEBUG] service.FindRevenueList (매출 정보 조회) >>> startDate : [2024-02-14], endDate : [2024-02-14]
2024/02/14 17:49:44 revenueService.go:123: [DEBUG] service.FindSumSalesPoint (매출 정보 SUM 조회) >>> startDate : [2024-02-14], endDate : [2024-02-14]
2024/02/14 17:52:24 main.go:45: [DEBUG] main.init.0 [(LOG SETUP) >>> SUCCESS]
2024/02/14 17:52:24 main.go:47: [DEBUG] main.init.0 [(3개월 미상 미접속 사용자 포인트 초기화) >>> START]
2024/02/14 17:52:24 main.go:52: [DEBUG] main.init.0 [(3개월 미상 미접속 사용자 포인트 초기화) >>> END]
2024/02/14 17:52:24 main.go:57: [DEBUG] main.main [포인트 프로그램 START]
2024/02/14 17:52:24 pointpage.go:51: [DEBUG] gui.newPointPage 현금 적립 20, 카드 적립 10, 포인트 사용 제한 : 200p
2024/02/14 17:52:27 revenueService.go:102: [DEBUG] service.FindRevenueList (매출 정보 조회) >>> startDate : [2024-02-14], endDate : [2024-02-14]
2024/02/14 17:52:27 revenueService.go:123: [DEBUG] service.FindSumSalesPoint (매출 정보 SUM 조회) >>> startDate : [2024-02-14], endDate : [2024-02-14]
2024/02/14 17:52:38 revenueService.go:102: [DEBUG] service.FindRevenueList (매출 정보 조회) >>> startDate : [2024-01-01], endDate : [2024-12-31]
2024/02/14 17:52:38 revenueService.go:123: [DEBUG] service.FindSumSalesPoint (매출 정보 SUM 조회) >>> startDate : [2024-01-01], endDate : [2024-12-31]
2024/02/14 17:53:45 revenueService.go:102: [DEBUG] service.FindRevenueList (매출 정보 조회) >>> startDate : [2024-02-14], endDate : [2024-02-14]
2024/02/14 17:53:45 revenueService.go:123: [DEBUG] service.FindSumSalesPoint (매출 정보 SUM 조회) >>> startDate : [2024-02-14], endDate : [2024-02-14]
2024/02/14 18:01:47 main.go:45: [DEBUG] main.init.0 [(LOG SETUP) >>> SUCCESS]
2024/02/14 18:01:47 main.go:47: [DEBUG] main.init.0 [(3개월 미상 미접속 사용자 포인트 초기화) >>> START]
2024/02/14 18:01:47 main.go:52: [DEBUG] main.init.0 [(3개월 미상 미접속 사용자 포인트 초기화) >>> END]
2024/02/14 18:01:47 main.go:57: [DEBUG] main.main [포인트 프로그램 START]
2024/02/14 18:01:47 pointpage.go:51: [DEBUG] gui.newPointPage 현금 적립 20, 카드 적립 10, 포인트 사용 제한 : 200p
2024/02/14 18:15:45 main.go:45: [DEBUG] main.init.0 [(LOG SETUP) >>> SUCCESS]
2024/02/14 18:15:45 main.go:47: [DEBUG] main.init.0 [(3개월 미상 미접속 사용자 포인트 초기화) >>> START]
2024/02/14 18:15:45 main.go:52: [DEBUG] main.init.0 [(3개월 미상 미접속 사용자 포인트 초기화) >>> END]
2024/02/14 18:15:45 main.go:57: [DEBUG] main.main [포인트 프로그램 START]
2024/02/14 18:15:45 pointpage.go:51: [DEBUG] gui.newPointPage 현금 적립 20, 카드 적립 10, 포인트 사용 제한 : 200p
2024/02/14 18:16:00 pointpage.go:51: [DEBUG] gui.newPointPage 현금 적립 20, 카드 적립 10, 포인트 사용 제한 : 200p
2024/02/14 18:16:05 memberService.go:44: [DEBUG] service.FindMemberList (포인트 페이지) >>> 고객 조회 검색어 : [2222]
2024/02/14 18:16:07 memberSearchDialog.go:68: [DEBUG] gui.RunMemberSearchDialog.func1 (고객 조회) 고객 포인트 합계 조회 >>> memberId : [24], total :[&{0 0}]
2024/02/14 18:16:13 revenueService.go:30: [DEBUG] service.RevenueAdd (결제 타입 조회) 곁제 타입 :[ 카드 ], 적립 퍼센트 :[ 10 % ]
2024/02/14 18:16:13 revenueService.go:50: [DEBUG] service.RevenueAdd [(포인트 적립/사용) >>>> 사용자 포인트 정보 업데이트]
2024/02/14 18:16:13 revenueService.go:57: [DEBUG] service.RevenueAdd (포인트 적립/사용) >>>> memberId : [24], sales : [100000000], subPoint : [0], addPoint : [10000000], fixedSales : [100000000], payType : [카드]
2024/02/14 18:16:20 revenueService.go:102: [DEBUG] service.FindRevenueList (매출 정보 조회) >>> startDate : [2024-02-14], endDate : [2024-02-14]
2024/02/14 18:16:20 revenueService.go:123: [DEBUG] service.FindSumSalesPoint (매출 정보 SUM 조회) >>> startDate : [2024-02-14], endDate : [2024-02-14]
2024/02/14 18:16:27 pointpage.go:51: [DEBUG] gui.newPointPage 현금 적립 20, 카드 적립 10, 포인트 사용 제한 : 200p
2024/02/14 18:18:32 revenueService.go:102: [DEBUG] service.FindRevenueList (매출 정보 조회) >>> startDate : [2024-02-14], endDate : [2024-02-14]
2024/02/14 18:18:32 revenueService.go:123: [DEBUG] service.FindSumSalesPoint (매출 정보 SUM 조회) >>> startDate : [2024-02-14], endDate : [2024-02-14]
2024/02/14 18:19:22 main.go:45: [DEBUG] main.init.0 [(LOG SETUP) >>> SUCCESS]
2024/02/14 18:19:22 main.go:47: [DEBUG] main.init.0 [(3개월 미상 미접속 사용자 포인트 초기화) >>> START]
2024/02/14 18:19:22 main.go:52: [DEBUG] main.init.0 [(3개월 미상 미접속 사용자 포인트 초기화) >>> END]
2024/02/14 18:19:22 main.go:57: [DEBUG] main.main [포인트 프로그램 START]
2024/02/14 18:19:23 pointpage.go:51: [DEBUG] gui.newPointPage 현금 적립 20, 카드 적립 10, 포인트 사용 제한 : 200p
2024/02/14 18:19:31 revenueService.go:102: [DEBUG] service.FindRevenueList (매출 정보 조회) >>> startDate : [2024-02-14], endDate : [2024-02-14]
2024/02/14 18:19:31 revenueService.go:123: [DEBUG] service.FindSumSalesPoint (매출 정보 SUM 조회) >>> startDate : [2024-02-14], endDate : [2024-02-14]
2024/02/14 18:22:45 main.go:45: [DEBUG] main.init.0 [(LOG SETUP) >>> SUCCESS]
2024/02/14 18:22:45 main.go:47: [DEBUG] main.init.0 [(3개월 미상 미접속 사용자 포인트 초기화) >>> START]
2024/02/14 18:22:45 main.go:52: [DEBUG] main.init.0 [(3개월 미상 미접속 사용자 포인트 초기화) >>> END]
2024/02/14 18:22:45 main.go:57: [DEBUG] main.main [포인트 프로그램 START]
2024/02/14 18:22:45 pointpage.go:51: [DEBUG] gui.newPointPage 현금 적립 20, 카드 적립 10, 포인트 사용 제한 : 200p
2024/02/14 18:22:47 revenueService.go:102: [DEBUG] service.FindRevenueList (매출 정보 조회) >>> startDate : [2024-02-14], endDate : [2024-02-14]
2024/02/14 18:22:47 revenueService.go:123: [DEBUG] service.FindSumSalesPoint (매출 정보 SUM 조회) >>> startDate : [2024-02-14], endDate : [2024-02-14]
2024/02/14 18:25:47 main.go:45: [DEBUG] main.init.0 [(LOG SETUP) >>> SUCCESS]
2024/02/14 18:25:47 main.go:47: [DEBUG] main.init.0 [(3개월 미상 미접속 사용자 포인트 초기화) >>> START]
2024/02/14 18:25:47 main.go:52: [DEBUG] main.init.0 [(3개월 미상 미접속 사용자 포인트 초기화) >>> END]
2024/02/14 18:25:47 main.go:57: [DEBUG] main.main [포인트 프로그램 START]
2024/02/14 18:25:47 pointpage.go:51: [DEBUG] gui.newPointPage 현금 적립 20, 카드 적립 10, 포인트 사용 제한 : 200p
2024/02/14 18:25:50 revenueService.go:102: [DEBUG] service.FindRevenueList (매출 정보 조회) >>> startDate : [2024-02-14], endDate : [2024-02-14]
2024/02/14 18:25:50 revenueService.go:123: [DEBUG] service.FindSumSalesPoint (매출 정보 SUM 조회) >>> startDate : [2024-02-14], endDate : [2024-02-14]
2024/02/14 18:31:30 main.go:45: [DEBUG] main.init.0 [(LOG SETUP) >>> SUCCESS]
2024/02/14 18:31:30 main.go:47: [DEBUG] main.init.0 [(3개월 미상 미접속 사용자 포인트 초기화) >>> START]
2024/02/14 18:31:30 main.go:52: [DEBUG] main.init.0 [(3개월 미상 미접속 사용자 포인트 초기화) >>> END]
2024/02/14 18:31:30 main.go:57: [DEBUG] main.main [포인트 프로그램 START]
2024/02/14 18:31:30 pointpage.go:51: [DEBUG] gui.newPointPage 현금 적립 20, 카드 적립 10, 포인트 사용 제한 : 200p
2024/02/14 18:31:34 revenueService.go:102: [DEBUG] service.FindRevenueList (매출 정보 조회) >>> startDate : [2024-02-14], endDate : [2024-02-14]
2024/02/14 18:31:34 revenueService.go:123: [DEBUG] service.FindSumSalesPoint (매출 정보 SUM 조회) >>> startDate : [2024-02-14], endDate : [2024-02-14]
2024/02/14 18:33:12 main.go:45: [DEBUG] main.init.0 [(LOG SETUP) >>> SUCCESS]
2024/02/14 18:33:12 main.go:47: [DEBUG] main.init.0 [(3개월 미상 미접속 사용자 포인트 초기화) >>> START]
2024/02/14 18:33:12 main.go:52: [DEBUG] main.init.0 [(3개월 미상 미접속 사용자 포인트 초기화) >>> END]
2024/02/14 18:33:12 main.go:57: [DEBUG] main.main [포인트 프로그램 START]
2024/02/14 18:33:12 pointpage.go:51: [DEBUG] gui.newPointPage 현금 적립 20, 카드 적립 10, 포인트 사용 제한 : 200p
2024/02/14 18:33:13 revenueService.go:102: [DEBUG] service.FindRevenueList (매출 정보 조회) >>> startDate : [2024-02-14], endDate : [2024-02-14]
2024/02/14 18:33:13 revenueService.go:123: [DEBUG] service.FindSumSalesPoint (매출 정보 SUM 조회) >>> startDate : [2024-02-14], endDate : [2024-02-14]
2024/02/14 18:46:03 main.go:45: [DEBUG] main.init.0 [(LOG SETUP) >>> SUCCESS]
2024/02/14 18:46:03 main.go:47: [DEBUG] main.init.0 [(3개월 미상 미접속 사용자 포인트 초기화) >>> START]
2024/02/14 18:46:03 main.go:52: [DEBUG] main.init.0 [(3개월 미상 미접속 사용자 포인트 초기화) >>> END]
2024/02/14 18:46:03 main.go:57: [DEBUG] main.main [포인트 프로그램 START]
2024/02/14 18:46:03 pointpage.go:51: [DEBUG] gui.newPointPage 현금 적립 20, 카드 적립 10, 포인트 사용 제한 : 200p
2024/02/14 18:46:07 revenueService.go:102: [DEBUG] service.FindRevenueList (매출 정보 조회) >>> startDate : [2024-02-14], endDate : [2024-02-14]
2024/02/14 18:46:07 revenueService.go:123: [DEBUG] service.FindSumSalesPoint (매출 정보 SUM 조회) >>> startDate : [2024-02-14], endDate : [2024-02-14]
2024/02/14 18:50:56 main.go:45: [DEBUG] main.init.0 [(LOG SETUP) >>> SUCCESS]
2024/02/14 18:50:56 main.go:47: [DEBUG] main.init.0 [(3개월 미상 미접속 사용자 포인트 초기화) >>> START]
2024/02/14 18:50:56 main.go:52: [DEBUG] main.init.0 [(3개월 미상 미접속 사용자 포인트 초기화) >>> END]
2024/02/14 18:50:56 main.go:57: [DEBUG] main.main [포인트 프로그램 START]
2024/02/14 18:50:56 pointpage.go:51: [DEBUG] gui.newPointPage 현금 적립 20, 카드 적립 10, 포인트 사용 제한 : 200p
2024/02/14 18:52:18 main.go:45: [DEBUG] main.init.0 [(LOG SETUP) >>> SUCCESS]
2024/02/14 18:52:18 main.go:47: [DEBUG] main.init.0 [(3개월 미상 미접속 사용자 포인트 초기화) >>> START]
2024/02/14 18:52:18 main.go:52: [DEBUG] main.init.0 [(3개월 미상 미접속 사용자 포인트 초기화) >>> END]
2024/02/14 18:52:18 main.go:57: [DEBUG] main.main [포인트 프로그램 START]
2024/02/14 18:52:18 pointpage.go:51: [DEBUG] gui.newPointPage 현금 적립 20, 카드 적립 10, 포인트 사용 제한 : 200p
2024/02/14 18:52:22 revenueService.go:102: [DEBUG] service.FindRevenueList (매출 정보 조회) >>> startDate : [2024-02-14], endDate : [2024-02-14]
2024/02/14 18:52:22 revenueService.go:123: [DEBUG] service.FindSumSalesPoint (매출 정보 SUM 조회) >>> startDate : [2024-02-14], endDate : [2024-02-14]
2024/02/14 18:54:50 main.go:45: [DEBUG] main.init.0 [(LOG SETUP) >>> SUCCESS]
2024/02/14 18:54:50 main.go:47: [DEBUG] main.init.0 [(3개월 미상 미접속 사용자 포인트 초기화) >>> START]
2024/02/14 18:54:50 main.go:52: [DEBUG] main.init.0 [(3개월 미상 미접속 사용자 포인트 초기화) >>> END]
2024/02/14 18:54:50 main.go:57: [DEBUG] main.main [포인트 프로그램 START]
2024/02/14 18:54:50 pointpage.go:51: [DEBUG] gui.newPointPage 현금 적립 20, 카드 적립 10, 포인트 사용 제한 : 200p
2024/02/14 18:54:53 revenueService.go:102: [DEBUG] service.FindRevenueList (매출 정보 조회) >>> startDate : [2024-02-14], endDate : [2024-02-14]
2024/02/14 18:54:53 revenueService.go:123: [DEBUG] service.FindSumSalesPoint (매출 정보 SUM 조회) >>> startDate : [2024-02-14], endDate : [2024-02-14]
2024/02/14 18:55:01 pointpage.go:51: [DEBUG] gui.newPointPage 현금 적립 20, 카드 적립 10, 포인트 사용 제한 : 200p
2024/02/14 18:55:03 revenueService.go:102: [DEBUG] service.FindRevenueList (매출 정보 조회) >>> startDate : [2024-02-14], endDate : [2024-02-14]
2024/02/14 18:55:03 revenueService.go:123: [DEBUG] service.FindSumSalesPoint (매출 정보 SUM 조회) >>> startDate : [2024-02-14], endDate : [2024-02-14]
2024/02/14 18:55:25 main.go:45: [DEBUG] main.init.0 [(LOG SETUP) >>> SUCCESS]
2024/02/14 18:55:25 main.go:47: [DEBUG] main.init.0 [(3개월 미상 미접속 사용자 포인트 초기화) >>> START]
2024/02/14 18:55:25 main.go:52: [DEBUG] main.init.0 [(3개월 미상 미접속 사용자 포인트 초기화) >>> END]
2024/02/14 18:55:25 main.go:57: [DEBUG] main.main [포인트 프로그램 START]
2024/02/14 18:55:26 pointpage.go:51: [DEBUG] gui.newPointPage 현금 적립 20, 카드 적립 10, 포인트 사용 제한 : 200p
2024/02/14 18:55:27 revenueService.go:102: [DEBUG] service.FindRevenueList (매출 정보 조회) >>> startDate : [2024-02-14], endDate : [2024-02-14]
2024/02/14 18:55:27 revenueService.go:123: [DEBUG] service.FindSumSalesPoint (매출 정보 SUM 조회) >>> startDate : [2024-02-14], endDate : [2024-02-14]
2024/02/14 18:57:24 main.go:45: [DEBUG] main.init.0 [(LOG SETUP) >>> SUCCESS]
2024/02/14 18:57:24 main.go:47: [DEBUG] main.init.0 [(3개월 미상 미접속 사용자 포인트 초기화) >>> START]
2024/02/14 18:57:24 main.go:52: [DEBUG] main.init.0 [(3개월 미상 미접속 사용자 포인트 초기화) >>> END]
2024/02/14 18:57:24 main.go:57: [DEBUG] main.main [포인트 프로그램 START]
2024/02/14 18:57:24 pointpage.go:51: [DEBUG] gui.newPointPage 현금 적립 20, 카드 적립 10, 포인트 사용 제한 : 200p
2024/02/14 18:57:25 revenueService.go:102: [DEBUG] service.FindRevenueList (매출 정보 조회) >>> startDate : [2024-02-14], endDate : [2024-02-14]
2024/02/14 18:57:25 revenueService.go:123: [DEBUG] service.FindSumSalesPoint (매출 정보 SUM 조회) >>> startDate : [2024-02-14], endDate : [2024-02-14]
2024/02/14 18:57:36 main.go:45: [DEBUG] main.init.0 [(LOG SETUP) >>> SUCCESS]
2024/02/14 18:57:36 main.go:47: [DEBUG] main.init.0 [(3개월 미상 미접속 사용자 포인트 초기화) >>> START]
2024/02/14 18:57:36 main.go:52: [DEBUG] main.init.0 [(3개월 미상 미접속 사용자 포인트 초기화) >>> END]
2024/02/14 18:57:36 main.go:57: [DEBUG] main.main [포인트 프로그램 START]
2024/02/14 18:57:36 pointpage.go:51: [DEBUG] gui.newPointPage 현금 적립 20, 카드 적립 10, 포인트 사용 제한 : 200p
2024/02/14 18:57:38 revenueService.go:102: [DEBUG] service.FindRevenueList (매출 정보 조회) >>> startDate : [2024-02-14], endDate : [2024-02-14]
2024/02/14 18:57:38 revenueService.go:123: [DEBUG] service.FindSumSalesPoint (매출 정보 SUM 조회) >>> startDate : [2024-02-14], endDate : [2024-02-14]
2024/02/14 18:57:52 revenueService.go:102: [DEBUG] service.FindRevenueList (매출 정보 조회) >>> startDate : [2024-02-14], endDate : [2024-02-14]
2024/02/14 18:57:52 revenueService.go:123: [DEBUG] service.FindSumSalesPoint (매출 정보 SUM 조회) >>> startDate : [2024-02-14], endDate : [2024-02-14]
2024/02/14 18:57:56 pointpage.go:51: [DEBUG] gui.newPointPage 현금 적립 20, 카드 적립 10, 포인트 사용 제한 : 200p
2024/02/14 18:57:57 revenueService.go:102: [DEBUG] service.FindRevenueList (매출 정보 조회) >>> startDate : [2024-02-14], endDate : [2024-02-14]
2024/02/14 18:57:57 revenueService.go:123: [DEBUG] service.FindSumSalesPoint (매출 정보 SUM 조회) >>> startDate : [2024-02-14], endDate : [2024-02-14]
2024/02/14 18:59:14 main.go:45: [DEBUG] main.init.0 [(LOG SETUP) >>> SUCCESS]
2024/02/14 18:59:14 main.go:47: [DEBUG] main.init.0 [(3개월 미상 미접속 사용자 포인트 초기화) >>> START]
2024/02/14 18:59:14 main.go:52: [DEBUG] main.init.0 [(3개월 미상 미접속 사용자 포인트 초기화) >>> END]
2024/02/14 18:59:14 main.go:57: [DEBUG] main.main [포인트 프로그램 START]
2024/02/14 18:59:14 pointpage.go:51: [DEBUG] gui.newPointPage 현금 적립 20, 카드 적립 10, 포인트 사용 제한 : 200p
2024/02/14 18:59:15 revenueService.go:102: [DEBUG] service.FindRevenueList (매출 정보 조회) >>> startDate : [2024-02-14], endDate : [2024-02-14]
2024/02/14 18:59:15 revenueService.go:123: [DEBUG] service.FindSumSalesPoint (매출 정보 SUM 조회) >>> startDate : [2024-02-14], endDate : [2024-02-14]
2024/02/14 18:59:51 main.go:45: [DEBUG] main.init.0 [(LOG SETUP) >>> SUCCESS]
2024/02/14 18:59:51 main.go:47: [DEBUG] main.init.0 [(3개월 미상 미접속 사용자 포인트 초기화) >>> START]
2024/02/14 18:59:51 main.go:52: [DEBUG] main.init.0 [(3개월 미상 미접속 사용자 포인트 초기화) >>> END]
2024/02/14 18:59:51 main.go:57: [DEBUG] main.main [포인트 프로그램 START]
2024/02/14 18:59:51 pointpage.go:51: [DEBUG] gui.newPointPage 현금 적립 20, 카드 적립 10, 포인트 사용 제한 : 200p
2024/02/14 18:59:53 revenueService.go:102: [DEBUG] service.FindRevenueList (매출 정보 조회) >>> startDate : [2024-02-14], endDate : [2024-02-14]
2024/02/14 18:59:53 revenueService.go:123: [DEBUG] service.FindSumSalesPoint (매출 정보 SUM 조회) >>> startDate : [2024-02-14], endDate : [2024-02-14]
2024/02/14 19:01:01 main.go:45: [DEBUG] main.init.0 [(LOG SETUP) >>> SUCCESS]
2024/02/14 19:01:01 main.go:47: [DEBUG] main.init.0 [(3개월 미상 미접속 사용자 포인트 초기화) >>> START]
2024/02/14 19:01:01 main.go:52: [DEBUG] main.init.0 [(3개월 미상 미접속 사용자 포인트 초기화) >>> END]
2024/02/14 19:01:01 main.go:57: [DEBUG] main.main [포인트 프로그램 START]
2024/02/14 19:01:01 pointpage.go:51: [DEBUG] gui.newPointPage 현금 적립 20, 카드 적립 10, 포인트 사용 제한 : 200p
2024/02/14 19:01:03 revenueService.go:102: [DEBUG] service.FindRevenueList (매출 정보 조회) >>> startDate : [2024-02-14], endDate : [2024-02-14]
2024/02/14 19:01:03 revenueService.go:123: [DEBUG] service.FindSumSalesPoint (매출 정보 SUM 조회) >>> startDate : [2024-02-14], endDate : [2024-02-14]
2024/02/14 19:01:39 main.go:45: [DEBUG] main.init.0 [(LOG SETUP) >>> SUCCESS]
2024/02/14 19:01:39 main.go:47: [DEBUG] main.init.0 [(3개월 미상 미접속 사용자 포인트 초기화) >>> START]
2024/02/14 19:01:39 main.go:52: [DEBUG] main.init.0 [(3개월 미상 미접속 사용자 포인트 초기화) >>> END]
2024/02/14 19:01:39 main.go:57: [DEBUG] main.main [포인트 프로그램 START]
2024/02/14 19:01:39 pointpage.go:51: [DEBUG] gui.newPointPage 현금 적립 20, 카드 적립 10, 포인트 사용 제한 : 200p
2024/02/14 19:01:40 revenueService.go:102: [DEBUG] service.FindRevenueList (매출 정보 조회) >>> startDate : [2024-02-14], endDate : [2024-02-14]
2024/02/14 19:01:40 revenueService.go:123: [DEBUG] service.FindSumSalesPoint (매출 정보 SUM 조회) >>> startDate : [2024-02-14], endDate : [2024-02-14]
